2023-09-14 21:11:22,883 p=8995 u=root |  PLAY [Astra Linux (Debian) tasks] ************************************************************************************
2023-09-14 21:11:22,901 p=8995 u=root |  TASK [Gathering Facts] ***********************************************************************************************
2023-09-14 21:11:23,937 p=8995 u=root |  ok: [localhost]
2023-09-14 21:11:23,964 p=8995 u=root |  TASK [logging settings update] ***************************************************************************************
2023-09-14 21:11:24,400 p=8995 u=root |  changed: [localhost -> localhost]
2023-09-14 21:11:24,429 p=8995 u=root |  TASK [summary ^] *****************************************************************************************************
2023-09-14 21:11:24,725 p=8995 u=root |  changed: [localhost -> localhost]
2023-09-14 21:11:24,745 p=8995 u=root |  TASK [include vars] **************************************************************************************************
2023-09-14 21:11:24,789 p=8995 u=root |  ok: [localhost]
2023-09-14 21:11:24,805 p=8995 u=root |  TASK [task wheel_1] **************************************************************************************************
2023-09-14 21:11:24,847 p=8995 u=root |  included: /home/toor/Desktop/proj/tasks/PUD1/6_wheel_1.yml for localhost
2023-09-14 21:11:24,862 p=8995 u=root |  TASK [ПУД1 | проверка наличия строки auth required pam_wheel.so] *****************************************************
2023-09-14 21:11:25,143 p=8995 u=root |  ok: [localhost]
2023-09-14 21:11:25,162 p=8995 u=root |  TASK [ПУД1 | печать наличия строки] **********************************************************************************
2023-09-14 21:11:25,212 p=8995 u=root |  ok: [localhost] => {
    "msg": [
        "   поиск в /etc/pam.d/su                          ", 
        "----------[эталон] есть/активен => да/нет----------", 
        "[auth required pam_wheel.so] есть => да           ", 
        "-----------------проверка что //-----^^^----------"
    ]
}
2023-09-14 21:11:25,228 p=8995 u=root |  TASK [ПУД1 | проверка активности строки] *****************************************************************************
2023-09-14 21:11:25,527 p=8995 u=root |  ok: [localhost]
2023-09-14 21:11:25,547 p=8995 u=root |  TASK [ПУД1 | печать активности строки] *******************************************************************************
2023-09-14 21:11:25,595 p=8995 u=root |  ok: [localhost] => {
    "msg": [
        "   поиск в /etc/pam.d/su                          ", 
        "----------[эталон] есть/активен => да/нет----------", 
        "[auth required pam_wheel.so] активен => да", 
        "-----------------проверка что //-----^^^-----------", 
        "---------------------->>>Debian<<<-----------------"
    ]
}
2023-09-14 21:11:25,614 p=8995 u=root |  TASK [ПУД1 | загрузка файла] *****************************************************************************************
2023-09-14 21:11:26,035 p=8995 u=root |  ok: [localhost]
2023-09-14 21:11:26,067 p=8995 u=root |  TASK [summary +] *****************************************************************************************************
2023-09-14 21:11:26,377 p=8995 u=root |  changed: [localhost -> localhost]
2023-09-14 21:11:26,411 p=8995 u=root |  TASK [playbook summary] **********************************************************************************************
2023-09-14 21:11:26,720 p=8995 u=root |  changed: [localhost -> localhost]
2023-09-14 21:11:26,752 p=8995 u=root |  TASK [summary parsing] ***********************************************************************************************
2023-09-14 21:11:27,033 p=8995 u=root |  changed: [localhost -> localhost]
2023-09-14 21:11:27,035 p=8995 u=root |  PLAY RECAP ***********************************************************************************************************
2023-09-14 21:11:27,035 p=8995 u=root |  localhost                  : ok=13   changed=5    unreachable=0    failed=0   
